{
  "stats": {
    "suites": 1,
    "tests": 1,
    "passes": 1,
    "pending": 0,
    "failures": 0,
    "start": "2020-04-21T16:04:20.502Z",
    "end": "2020-04-21T16:04:23.899Z",
    "duration": 3397,
    "testsRegistered": 1,
    "passPercent": 100,
    "pendingPercent": 0,
    "other": 0,
    "hasOther": false,
    "skipped": 0,
    "hasSkipped": false
  },
  "results": [
    {
      "uuid": "cd840068-3728-4e59-82ea-9ad478abc22b",
      "title": "",
      "fullFile": "cypress/integration/examples/local_storage.spec.js",
      "file": "cypress/integration/examples/local_storage.spec.js",
      "beforeHooks": [],
      "afterHooks": [],
      "tests": [],
      "suites": [
        {
          "uuid": "f96c7a34-b052-47db-90d4-9c87975768d6",
          "title": "Local Storage",
          "fullFile": "",
          "file": "",
          "beforeHooks": [],
          "afterHooks": [],
          "tests": [
            {
              "title": "cy.clearLocalStorage() - clear all data in local storage",
              "fullTitle": "Local Storage cy.clearLocalStorage() - clear all data in local storage",
              "timedOut": null,
              "duration": 1571,
              "state": "passed",
              "speed": "slow",
              "pass": true,
              "fail": false,
              "pending": false,
              "context": null,
              "code": "// https://on.cypress.io/clearlocalstorage\ncy.get('.ls-btn').click().should(function () {\n    expect(localStorage.getItem('prop1')).to.eq('red');\n    expect(localStorage.getItem('prop2')).to.eq('blue');\n    expect(localStorage.getItem('prop3')).to.eq('magenta');\n});\n// clearLocalStorage() yields the localStorage object\ncy.clearLocalStorage().should(function (ls) {\n    expect(ls.getItem('prop1')).to.be.null;\n    expect(ls.getItem('prop2')).to.be.null;\n    expect(ls.getItem('prop3')).to.be.null;\n});\n// Clear key matching string in Local Storage\ncy.get('.ls-btn').click().should(function () {\n    expect(localStorage.getItem('prop1')).to.eq('red');\n    expect(localStorage.getItem('prop2')).to.eq('blue');\n    expect(localStorage.getItem('prop3')).to.eq('magenta');\n});\ncy.clearLocalStorage('prop1').should(function (ls) {\n    expect(ls.getItem('prop1')).to.be.null;\n    expect(ls.getItem('prop2')).to.eq('blue');\n    expect(ls.getItem('prop3')).to.eq('magenta');\n});\n// Clear keys matching regex in Local Storage\ncy.get('.ls-btn').click().should(function () {\n    expect(localStorage.getItem('prop1')).to.eq('red');\n    expect(localStorage.getItem('prop2')).to.eq('blue');\n    expect(localStorage.getItem('prop3')).to.eq('magenta');\n});\ncy.clearLocalStorage(/prop1|2/).should(function (ls) {\n    expect(ls.getItem('prop1')).to.be.null;\n    expect(ls.getItem('prop2')).to.be.null;\n    expect(ls.getItem('prop3')).to.eq('magenta');\n});",
              "err": {},
              "uuid": "fd66ebf2-2e2c-4f23-820c-f939b54169c3",
              "parentUUID": "f96c7a34-b052-47db-90d4-9c87975768d6",
              "isHook": false,
              "skipped": false
            }
          ],
          "suites": [],
          "passes": [
            "fd66ebf2-2e2c-4f23-820c-f939b54169c3"
          ],
          "failures": [],
          "pending": [],
          "skipped": [],
          "duration": 1571,
          "root": false,
          "rootEmpty": false,
          "_timeout": 2000
        }
      ],
      "passes": [],
      "failures": [],
      "pending": [],
      "skipped": [],
      "duration": 0,
      "root": true,
      "rootEmpty": true,
      "_timeout": 2000
    }
  ],
  "meta": {
    "mocha": {
      "version": "7.1.1"
    },
    "mochawesome": {
      "options": {
        "quiet": false,
        "reportFilename": "mochawesome",
        "saveHtml": false,
        "saveJson": true,
        "consoleReporter": "spec",
        "useInlineDiffs": false,
        "code": true
      },
      "version": "6.1.0"
    },
    "marge": {
      "options": {
        "id": "default",
        "reportDir": "cypress/reports/mocha",
        "quite": true,
        "overwrite": false,
        "html": false,
        "json": true
      },
      "version": "5.1.0"
    }
  }
}