{
  "stats": {
    "suites": 1,
    "tests": 20,
    "passes": 20,
    "pending": 0,
    "failures": 0,
    "start": "2020-04-26T15:05:45.421Z",
    "end": "2020-04-26T15:06:01.373Z",
    "duration": 15952,
    "testsRegistered": 20,
    "passPercent": 100,
    "pendingPercent": 0,
    "other": 0,
    "hasOther": false,
    "skipped": 0,
    "hasSkipped": false
  },
  "results": [
    {
      "uuid": "eee04429-a9aa-4d3c-8017-c4fccb31a920",
      "title": "",
      "fullFile": "cypress/integration/cinema/dashboard.js",
      "file": "cypress/integration/cinema/dashboard.js",
      "beforeHooks": [],
      "afterHooks": [],
      "tests": [],
      "suites": [
        {
          "uuid": "34f88e66-0296-4fea-adca-cf37d5169307",
          "title": "Landing on the Dashboard",
          "fullFile": "",
          "file": "",
          "beforeHooks": [],
          "afterHooks": [],
          "tests": [
            {
              "title": "goes to dashboard",
              "fullTitle": "Landing on the Dashboard goes to dashboard",
              "timedOut": null,
              "duration": 11132,
              "state": "passed",
              "speed": "slow",
              "pass": true,
              "fail": false,
              "pending": false,
              "context": null,
              "code": "landing.visitHomePage();",
              "err": {},
              "uuid": "9a323ed0-b0da-43b1-9b3d-2825f2b6cc51",
              "parentUUID": "34f88e66-0296-4fea-adca-cf37d5169307",
              "isHook": false,
              "skipped": false
            },
            {
              "title": "verifies user is on landing page",
              "fullTitle": "Landing on the Dashboard verifies user is on landing page",
              "timedOut": null,
              "duration": 195,
              "state": "passed",
              "speed": "slow",
              "pass": true,
              "fail": false,
              "pending": false,
              "context": null,
              "code": "landing.verifyHomePageNavigation();",
              "err": {},
              "uuid": "708639a8-6023-498f-a3ae-6821c40b5139",
              "parentUUID": "34f88e66-0296-4fea-adca-cf37d5169307",
              "isHook": false,
              "skipped": false
            },
            {
              "title": "verifies the title",
              "fullTitle": "Landing on the Dashboard verifies the title",
              "timedOut": null,
              "duration": 27,
              "state": "passed",
              "speed": "fast",
              "pass": true,
              "fail": false,
              "pending": false,
              "context": null,
              "code": "landing.verifyTitle();",
              "err": {},
              "uuid": "a483c60d-91ec-467f-b0ae-ff81949ec306",
              "parentUUID": "34f88e66-0296-4fea-adca-cf37d5169307",
              "isHook": false,
              "skipped": false
            },
            {
              "title": "verifies the word iCinema in title",
              "fullTitle": "Landing on the Dashboard verifies the word iCinema in title",
              "timedOut": null,
              "duration": 18,
              "state": "passed",
              "speed": "fast",
              "pass": true,
              "fail": false,
              "pending": false,
              "context": null,
              "code": "landing.verifyTitleWord();",
              "err": {},
              "uuid": "942978c9-5289-415a-bb18-fd2a5c15a2eb",
              "parentUUID": "34f88e66-0296-4fea-adca-cf37d5169307",
              "isHook": false,
              "skipped": false
            },
            {
              "title": "checks whether there are countries appearing",
              "fullTitle": "Landing on the Dashboard checks whether there are countries appearing",
              "timedOut": null,
              "duration": 86,
              "state": "passed",
              "speed": "slow",
              "pass": true,
              "fail": false,
              "pending": false,
              "context": null,
              "code": "landing.verifyCountriesExists();",
              "err": {},
              "uuid": "548ee4c9-a8a5-4a2e-8297-1433df3ab0a1",
              "parentUUID": "34f88e66-0296-4fea-adca-cf37d5169307",
              "isHook": false,
              "skipped": false
            },
            {
              "title": "checks that navbar is not empty",
              "fullTitle": "Landing on the Dashboard checks that navbar is not empty",
              "timedOut": null,
              "duration": 111,
              "state": "passed",
              "speed": "slow",
              "pass": true,
              "fail": false,
              "pending": false,
              "context": null,
              "code": "landing.verifyNavBar();",
              "err": {},
              "uuid": "0c9df3cc-004a-4fb3-9c3e-57a401d65ca9",
              "parentUUID": "34f88e66-0296-4fea-adca-cf37d5169307",
              "isHook": false,
              "skipped": false
            },
            {
              "title": "clicks on first country",
              "fullTitle": "Landing on the Dashboard clicks on first country",
              "timedOut": null,
              "duration": 472,
              "state": "passed",
              "speed": "slow",
              "pass": true,
              "fail": false,
              "pending": false,
              "context": null,
              "code": "landing.clickOncountry();",
              "err": {},
              "uuid": "27b136c0-0db3-41b9-af52-d42ec1460e1b",
              "parentUUID": "34f88e66-0296-4fea-adca-cf37d5169307",
              "isHook": false,
              "skipped": false
            },
            {
              "title": "checks if country is selected",
              "fullTitle": "Landing on the Dashboard checks if country is selected",
              "timedOut": null,
              "duration": 72,
              "state": "passed",
              "speed": "medium",
              "pass": true,
              "fail": false,
              "pending": false,
              "context": null,
              "code": "landing.checkElementSelected();",
              "err": {},
              "uuid": "97657edb-18c6-4b54-ad69-33752973f661",
              "parentUUID": "34f88e66-0296-4fea-adca-cf37d5169307",
              "isHook": false,
              "skipped": false
            },
            {
              "title": "goes to next section",
              "fullTitle": "Landing on the Dashboard goes to next section",
              "timedOut": null,
              "duration": 200,
              "state": "passed",
              "speed": "slow",
              "pass": true,
              "fail": false,
              "pending": false,
              "context": null,
              "code": "landing.clickNextArrow();",
              "err": {},
              "uuid": "865419a3-305c-479f-b664-e3fdca251dff",
              "parentUUID": "34f88e66-0296-4fea-adca-cf37d5169307",
              "isHook": false,
              "skipped": false
            },
            {
              "title": "check URL contains text",
              "fullTitle": "Landing on the Dashboard check URL contains text",
              "timedOut": null,
              "duration": 45,
              "state": "passed",
              "speed": "medium",
              "pass": true,
              "fail": false,
              "pending": false,
              "context": null,
              "code": "landing.checkURL('movies');",
              "err": {},
              "uuid": "c3320b2a-9d40-4b39-81d1-73875af90b24",
              "parentUUID": "34f88e66-0296-4fea-adca-cf37d5169307",
              "isHook": false,
              "skipped": false
            },
            {
              "title": "checks that there are movies in the list",
              "fullTitle": "Landing on the Dashboard checks that there are movies in the list",
              "timedOut": null,
              "duration": 59,
              "state": "passed",
              "speed": "medium",
              "pass": true,
              "fail": false,
              "pending": false,
              "context": null,
              "code": "moveselection.checkMovieListNotEmpty();",
              "err": {},
              "uuid": "40bb0d98-bbf2-4966-91d2-9dae92bb77d0",
              "parentUUID": "34f88e66-0296-4fea-adca-cf37d5169307",
              "isHook": false,
              "skipped": false
            },
            {
              "title": "maybe prints all names",
              "fullTitle": "Landing on the Dashboard maybe prints all names",
              "timedOut": null,
              "duration": 759,
              "state": "passed",
              "speed": "slow",
              "pass": true,
              "fail": false,
              "pending": false,
              "context": null,
              "code": "moveselection.checkAllMovie();",
              "err": {},
              "uuid": "c605906d-01cf-48b0-a32d-1f3b53a958fc",
              "parentUUID": "34f88e66-0296-4fea-adca-cf37d5169307",
              "isHook": false,
              "skipped": false
            },
            {
              "title": "clicks element by index",
              "fullTitle": "Landing on the Dashboard clicks element by index",
              "timedOut": null,
              "duration": 138,
              "state": "passed",
              "speed": "slow",
              "pass": true,
              "fail": false,
              "pending": false,
              "context": null,
              "code": "moveselection.checkParticularMovieByIndex(3);",
              "err": {},
              "uuid": "b186b1dc-455a-417e-aab5-eb7e39ccf0be",
              "parentUUID": "34f88e66-0296-4fea-adca-cf37d5169307",
              "isHook": false,
              "skipped": false
            },
            {
              "title": "checks if the image is present for the movies",
              "fullTitle": "Landing on the Dashboard checks if the image is present for the movies",
              "timedOut": null,
              "duration": 50,
              "state": "passed",
              "speed": "medium",
              "pass": true,
              "fail": false,
              "pending": false,
              "context": null,
              "code": "moveselection.checkMovieImage();",
              "err": {},
              "uuid": "4ea5a30b-f091-4080-be52-1a1e171694ba",
              "parentUUID": "34f88e66-0296-4fea-adca-cf37d5169307",
              "isHook": false,
              "skipped": false
            },
            {
              "title": "clicks on next arrow",
              "fullTitle": "Landing on the Dashboard clicks on next arrow",
              "timedOut": null,
              "duration": 136,
              "state": "passed",
              "speed": "slow",
              "pass": true,
              "fail": false,
              "pending": false,
              "context": null,
              "code": "landing.clickNextArrow();",
              "err": {},
              "uuid": "7ecd8559-3911-447c-bcb4-d25ce96d68a7",
              "parentUUID": "34f88e66-0296-4fea-adca-cf37d5169307",
              "isHook": false,
              "skipped": false
            },
            {
              "title": "checks if the user is now on schedule page",
              "fullTitle": "Landing on the Dashboard checks if the user is now on schedule page",
              "timedOut": null,
              "duration": 51,
              "state": "passed",
              "speed": "medium",
              "pass": true,
              "fail": false,
              "pending": false,
              "context": null,
              "code": "landing.checkURL('schedule');",
              "err": {},
              "uuid": "88b863af-359a-4cf8-8659-52193a73d87c",
              "parentUUID": "34f88e66-0296-4fea-adca-cf37d5169307",
              "isHook": false,
              "skipped": false
            },
            {
              "title": "checks that the schedules are not empty",
              "fullTitle": "Landing on the Dashboard checks that the schedules are not empty",
              "timedOut": null,
              "duration": 32,
              "state": "passed",
              "speed": "fast",
              "pass": true,
              "fail": false,
              "pending": false,
              "context": null,
              "code": "time.checkScheduleNotEmpty();",
              "err": {},
              "uuid": "97ced13f-d5d1-4e1e-96a7-a438b5830bfa",
              "parentUUID": "34f88e66-0296-4fea-adca-cf37d5169307",
              "isHook": false,
              "skipped": false
            },
            {
              "title": "selects a time slot",
              "fullTitle": "Landing on the Dashboard selects a time slot",
              "timedOut": null,
              "duration": 192,
              "state": "passed",
              "speed": "slow",
              "pass": true,
              "fail": false,
              "pending": false,
              "context": null,
              "code": "time.selectRandomTimeSlot(2);",
              "err": {},
              "uuid": "a55f6e33-ed93-43d9-9db6-fe904ffe0ec6",
              "parentUUID": "34f88e66-0296-4fea-adca-cf37d5169307",
              "isHook": false,
              "skipped": false
            },
            {
              "title": "goes to next page",
              "fullTitle": "Landing on the Dashboard goes to next page",
              "timedOut": null,
              "duration": 256,
              "state": "passed",
              "speed": "slow",
              "pass": true,
              "fail": false,
              "pending": false,
              "context": null,
              "code": "landing.clickNextArrow();",
              "err": {},
              "uuid": "f3f06d76-ad71-4b36-9c6a-90a901e119bb",
              "parentUUID": "34f88e66-0296-4fea-adca-cf37d5169307",
              "isHook": false,
              "skipped": false
            },
            {
              "title": "enter 3 tickes",
              "fullTitle": "Landing on the Dashboard enter 3 tickes",
              "timedOut": null,
              "duration": 204,
              "state": "passed",
              "speed": "slow",
              "pass": true,
              "fail": false,
              "pending": false,
              "context": null,
              "code": "tickets.setTicketCount(3);",
              "err": {},
              "uuid": "3d917968-04f9-4228-8ef6-a04443e61113",
              "parentUUID": "34f88e66-0296-4fea-adca-cf37d5169307",
              "isHook": false,
              "skipped": false
            }
          ],
          "suites": [],
          "passes": [
            "9a323ed0-b0da-43b1-9b3d-2825f2b6cc51",
            "708639a8-6023-498f-a3ae-6821c40b5139",
            "a483c60d-91ec-467f-b0ae-ff81949ec306",
            "942978c9-5289-415a-bb18-fd2a5c15a2eb",
            "548ee4c9-a8a5-4a2e-8297-1433df3ab0a1",
            "0c9df3cc-004a-4fb3-9c3e-57a401d65ca9",
            "27b136c0-0db3-41b9-af52-d42ec1460e1b",
            "97657edb-18c6-4b54-ad69-33752973f661",
            "865419a3-305c-479f-b664-e3fdca251dff",
            "c3320b2a-9d40-4b39-81d1-73875af90b24",
            "40bb0d98-bbf2-4966-91d2-9dae92bb77d0",
            "c605906d-01cf-48b0-a32d-1f3b53a958fc",
            "b186b1dc-455a-417e-aab5-eb7e39ccf0be",
            "4ea5a30b-f091-4080-be52-1a1e171694ba",
            "7ecd8559-3911-447c-bcb4-d25ce96d68a7",
            "88b863af-359a-4cf8-8659-52193a73d87c",
            "97ced13f-d5d1-4e1e-96a7-a438b5830bfa",
            "a55f6e33-ed93-43d9-9db6-fe904ffe0ec6",
            "f3f06d76-ad71-4b36-9c6a-90a901e119bb",
            "3d917968-04f9-4228-8ef6-a04443e61113"
          ],
          "failures": [],
          "pending": [],
          "skipped": [],
          "duration": 14235,
          "root": false,
          "rootEmpty": false,
          "_timeout": 2000
        }
      ],
      "passes": [],
      "failures": [],
      "pending": [],
      "skipped": [],
      "duration": 0,
      "root": true,
      "rootEmpty": true,
      "_timeout": 2000
    }
  ],
  "meta": {
    "mocha": {
      "version": "7.1.1"
    },
    "mochawesome": {
      "options": {
        "quiet": false,
        "reportFilename": "mochawesome",
        "saveHtml": false,
        "saveJson": true,
        "consoleReporter": "spec",
        "useInlineDiffs": false,
        "code": true
      },
      "version": "6.1.0"
    },
    "marge": {
      "options": {
        "id": "default",
        "reportDir": "cypress/reports/mocha",
        "quite": true,
        "overwrite": false,
        "html": false,
        "json": true
      },
      "version": "5.1.0"
    }
  }
}