{
  "stats": {
    "suites": 1,
    "tests": 3,
    "passes": 3,
    "pending": 0,
    "failures": 0,
    "start": "2020-04-21T16:04:28.474Z",
    "end": "2020-04-21T16:04:32.040Z",
    "duration": 3566,
    "testsRegistered": 3,
    "passPercent": 100,
    "pendingPercent": 0,
    "other": 0,
    "hasOther": false,
    "skipped": 0,
    "hasSkipped": false
  },
  "results": [
    {
      "uuid": "5f3a2e63-0e55-48c1-94a5-6b7a886c5862",
      "title": "",
      "fullFile": "cypress/integration/examples/location.spec.js",
      "file": "cypress/integration/examples/location.spec.js",
      "beforeHooks": [],
      "afterHooks": [],
      "tests": [],
      "suites": [
        {
          "uuid": "8d8b9f90-8162-458e-810c-419725ad11ba",
          "title": "Location",
          "fullFile": "",
          "file": "",
          "beforeHooks": [],
          "afterHooks": [],
          "tests": [
            {
              "title": "cy.hash() - get the current URL hash",
              "fullTitle": "Location cy.hash() - get the current URL hash",
              "timedOut": null,
              "duration": 1003,
              "state": "passed",
              "speed": "slow",
              "pass": true,
              "fail": false,
              "pending": false,
              "context": null,
              "code": "// https://on.cypress.io/hash\ncy.hash().should('be.empty');",
              "err": {},
              "uuid": "e4c8d943-9836-4922-859a-7c195442573f",
              "parentUUID": "8d8b9f90-8162-458e-810c-419725ad11ba",
              "isHook": false,
              "skipped": false
            },
            {
              "title": "cy.location() - get window.location",
              "fullTitle": "Location cy.location() - get window.location",
              "timedOut": null,
              "duration": 405,
              "state": "passed",
              "speed": "slow",
              "pass": true,
              "fail": false,
              "pending": false,
              "context": null,
              "code": "// https://on.cypress.io/location\ncy.location().should(function (location) {\n    expect(location.hash).to.be.empty;\n    expect(location.href).to.eq('https://example.cypress.io/commands/location');\n    expect(location.host).to.eq('example.cypress.io');\n    expect(location.hostname).to.eq('example.cypress.io');\n    expect(location.origin).to.eq('https://example.cypress.io');\n    expect(location.pathname).to.eq('/commands/location');\n    expect(location.port).to.eq('');\n    expect(location.protocol).to.eq('https:');\n    expect(location.search).to.be.empty;\n});",
              "err": {},
              "uuid": "d66a02d9-38a8-4369-b421-0ce2e508416f",
              "parentUUID": "8d8b9f90-8162-458e-810c-419725ad11ba",
              "isHook": false,
              "skipped": false
            },
            {
              "title": "cy.url() - get the current URL",
              "fullTitle": "Location cy.url() - get the current URL",
              "timedOut": null,
              "duration": 334,
              "state": "passed",
              "speed": "slow",
              "pass": true,
              "fail": false,
              "pending": false,
              "context": null,
              "code": "// https://on.cypress.io/url\ncy.url().should('eq', 'https://example.cypress.io/commands/location');",
              "err": {},
              "uuid": "42f5881c-c794-4335-96c5-295ffcd04855",
              "parentUUID": "8d8b9f90-8162-458e-810c-419725ad11ba",
              "isHook": false,
              "skipped": false
            }
          ],
          "suites": [],
          "passes": [
            "e4c8d943-9836-4922-859a-7c195442573f",
            "d66a02d9-38a8-4369-b421-0ce2e508416f",
            "42f5881c-c794-4335-96c5-295ffcd04855"
          ],
          "failures": [],
          "pending": [],
          "skipped": [],
          "duration": 1742,
          "root": false,
          "rootEmpty": false,
          "_timeout": 2000
        }
      ],
      "passes": [],
      "failures": [],
      "pending": [],
      "skipped": [],
      "duration": 0,
      "root": true,
      "rootEmpty": true,
      "_timeout": 2000
    }
  ],
  "meta": {
    "mocha": {
      "version": "7.1.1"
    },
    "mochawesome": {
      "options": {
        "quiet": false,
        "reportFilename": "mochawesome",
        "saveHtml": false,
        "saveJson": true,
        "consoleReporter": "spec",
        "useInlineDiffs": false,
        "code": true
      },
      "version": "6.1.0"
    },
    "marge": {
      "options": {
        "id": "default",
        "reportDir": "cypress/reports/mocha",
        "quite": true,
        "overwrite": false,
        "html": false,
        "json": true
      },
      "version": "5.1.0"
    }
  }
}