{
  "stats": {
    "suites": 1,
    "tests": 18,
    "passes": 18,
    "pending": 0,
    "failures": 0,
    "start": "2020-04-21T16:05:45.088Z",
    "end": "2020-04-21T16:05:57.599Z",
    "duration": 12511,
    "testsRegistered": 18,
    "passPercent": 100,
    "pendingPercent": 0,
    "other": 0,
    "hasOther": false,
    "skipped": 0,
    "hasSkipped": false
  },
  "results": [
    {
      "uuid": "61fcdc94-261f-435a-a518-c1b7eaa44f29",
      "title": "",
      "fullFile": "cypress/integration/examples/traversal.spec.js",
      "file": "cypress/integration/examples/traversal.spec.js",
      "beforeHooks": [],
      "afterHooks": [],
      "tests": [],
      "suites": [
        {
          "uuid": "c5afd116-7366-4a6e-b19e-e4c60da3d4e6",
          "title": "Traversal",
          "fullFile": "",
          "file": "",
          "beforeHooks": [],
          "afterHooks": [],
          "tests": [
            {
              "title": ".children() - get child DOM elements",
              "fullTitle": "Traversal .children() - get child DOM elements",
              "timedOut": null,
              "duration": 1171,
              "state": "passed",
              "speed": "slow",
              "pass": true,
              "fail": false,
              "pending": false,
              "context": null,
              "code": "// https://on.cypress.io/children\ncy.get('.traversal-breadcrumb')\n    .children('.active')\n    .should('contain', 'Data');",
              "err": {},
              "uuid": "51312fcf-78be-429e-b128-c8f99bb65360",
              "parentUUID": "c5afd116-7366-4a6e-b19e-e4c60da3d4e6",
              "isHook": false,
              "skipped": false
            },
            {
              "title": ".closest() - get closest ancestor DOM element",
              "fullTitle": "Traversal .closest() - get closest ancestor DOM element",
              "timedOut": null,
              "duration": 741,
              "state": "passed",
              "speed": "slow",
              "pass": true,
              "fail": false,
              "pending": false,
              "context": null,
              "code": "// https://on.cypress.io/closest\ncy.get('.traversal-badge')\n    .closest('ul')\n    .should('have.class', 'list-group');",
              "err": {},
              "uuid": "c2a59977-ca7a-46c3-8475-5c859e898018",
              "parentUUID": "c5afd116-7366-4a6e-b19e-e4c60da3d4e6",
              "isHook": false,
              "skipped": false
            },
            {
              "title": ".eq() - get a DOM element at a specific index",
              "fullTitle": "Traversal .eq() - get a DOM element at a specific index",
              "timedOut": null,
              "duration": 506,
              "state": "passed",
              "speed": "slow",
              "pass": true,
              "fail": false,
              "pending": false,
              "context": null,
              "code": "// https://on.cypress.io/eq\ncy.get('.traversal-list>li')\n    .eq(1).should('contain', 'siamese');",
              "err": {},
              "uuid": "3291ffbb-acbe-4be8-80cd-0672cdebd513",
              "parentUUID": "c5afd116-7366-4a6e-b19e-e4c60da3d4e6",
              "isHook": false,
              "skipped": false
            },
            {
              "title": ".filter() - get DOM elements that match the selector",
              "fullTitle": "Traversal .filter() - get DOM elements that match the selector",
              "timedOut": null,
              "duration": 388,
              "state": "passed",
              "speed": "slow",
              "pass": true,
              "fail": false,
              "pending": false,
              "context": null,
              "code": "// https://on.cypress.io/filter\ncy.get('.traversal-nav>li')\n    .filter('.active').should('contain', 'About');",
              "err": {},
              "uuid": "8c495838-2b00-4b4f-8294-d4f22b20feac",
              "parentUUID": "c5afd116-7366-4a6e-b19e-e4c60da3d4e6",
              "isHook": false,
              "skipped": false
            },
            {
              "title": ".find() - get descendant DOM elements of the selector",
              "fullTitle": "Traversal .find() - get descendant DOM elements of the selector",
              "timedOut": null,
              "duration": 361,
              "state": "passed",
              "speed": "slow",
              "pass": true,
              "fail": false,
              "pending": false,
              "context": null,
              "code": "// https://on.cypress.io/find\ncy.get('.traversal-pagination')\n    .find('li').find('a')\n    .should('have.length', 7);",
              "err": {},
              "uuid": "95068789-6592-4d0b-ae00-545d560c43c5",
              "parentUUID": "c5afd116-7366-4a6e-b19e-e4c60da3d4e6",
              "isHook": false,
              "skipped": false
            },
            {
              "title": ".first() - get first DOM element",
              "fullTitle": "Traversal .first() - get first DOM element",
              "timedOut": null,
              "duration": 386,
              "state": "passed",
              "speed": "slow",
              "pass": true,
              "fail": false,
              "pending": false,
              "context": null,
              "code": "// https://on.cypress.io/first\ncy.get('.traversal-table td')\n    .first().should('contain', '1');",
              "err": {},
              "uuid": "24136c90-9625-48f8-9399-790b71416e21",
              "parentUUID": "c5afd116-7366-4a6e-b19e-e4c60da3d4e6",
              "isHook": false,
              "skipped": false
            },
            {
              "title": ".last() - get last DOM element",
              "fullTitle": "Traversal .last() - get last DOM element",
              "timedOut": null,
              "duration": 366,
              "state": "passed",
              "speed": "slow",
              "pass": true,
              "fail": false,
              "pending": false,
              "context": null,
              "code": "// https://on.cypress.io/last\ncy.get('.traversal-buttons .btn')\n    .last().should('contain', 'Submit');",
              "err": {},
              "uuid": "06dd930b-cb06-4957-924a-37d6aaa2c04e",
              "parentUUID": "c5afd116-7366-4a6e-b19e-e4c60da3d4e6",
              "isHook": false,
              "skipped": false
            },
            {
              "title": ".next() - get next sibling DOM element",
              "fullTitle": "Traversal .next() - get next sibling DOM element",
              "timedOut": null,
              "duration": 474,
              "state": "passed",
              "speed": "slow",
              "pass": true,
              "fail": false,
              "pending": false,
              "context": null,
              "code": "// https://on.cypress.io/next\ncy.get('.traversal-ul')\n    .contains('apples').next().should('contain', 'oranges');",
              "err": {},
              "uuid": "59e4f019-f0ec-46c5-a8a6-3ba83faf90a5",
              "parentUUID": "c5afd116-7366-4a6e-b19e-e4c60da3d4e6",
              "isHook": false,
              "skipped": false
            },
            {
              "title": ".nextAll() - get all next sibling DOM elements",
              "fullTitle": "Traversal .nextAll() - get all next sibling DOM elements",
              "timedOut": null,
              "duration": 459,
              "state": "passed",
              "speed": "slow",
              "pass": true,
              "fail": false,
              "pending": false,
              "context": null,
              "code": "// https://on.cypress.io/nextall\ncy.get('.traversal-next-all')\n    .contains('oranges')\n    .nextAll().should('have.length', 3);",
              "err": {},
              "uuid": "401ba654-c090-4b9f-8a30-852901e42615",
              "parentUUID": "c5afd116-7366-4a6e-b19e-e4c60da3d4e6",
              "isHook": false,
              "skipped": false
            },
            {
              "title": ".nextUntil() - get next sibling DOM elements until next el",
              "fullTitle": "Traversal .nextUntil() - get next sibling DOM elements until next el",
              "timedOut": null,
              "duration": 364,
              "state": "passed",
              "speed": "slow",
              "pass": true,
              "fail": false,
              "pending": false,
              "context": null,
              "code": "// https://on.cypress.io/nextuntil\ncy.get('#veggies')\n    .nextUntil('#nuts').should('have.length', 3);",
              "err": {},
              "uuid": "7bc912ad-73a7-4a9f-aa46-967578767b0b",
              "parentUUID": "c5afd116-7366-4a6e-b19e-e4c60da3d4e6",
              "isHook": false,
              "skipped": false
            },
            {
              "title": ".not() - remove DOM elements from set of DOM elements",
              "fullTitle": "Traversal .not() - remove DOM elements from set of DOM elements",
              "timedOut": null,
              "duration": 398,
              "state": "passed",
              "speed": "slow",
              "pass": true,
              "fail": false,
              "pending": false,
              "context": null,
              "code": "// https://on.cypress.io/not\ncy.get('.traversal-disabled .btn')\n    .not('[disabled]').should('not.contain', 'Disabled');",
              "err": {},
              "uuid": "6214da57-945e-4bed-ab7a-7b25195220df",
              "parentUUID": "c5afd116-7366-4a6e-b19e-e4c60da3d4e6",
              "isHook": false,
              "skipped": false
            },
            {
              "title": ".parent() - get parent DOM element from DOM elements",
              "fullTitle": "Traversal .parent() - get parent DOM element from DOM elements",
              "timedOut": null,
              "duration": 314,
              "state": "passed",
              "speed": "slow",
              "pass": true,
              "fail": false,
              "pending": false,
              "context": null,
              "code": "// https://on.cypress.io/parent\ncy.get('.traversal-mark')\n    .parent().should('contain', 'Morbi leo risus');",
              "err": {},
              "uuid": "06469b5c-23b5-4186-ae50-1ca9544f4aa0",
              "parentUUID": "c5afd116-7366-4a6e-b19e-e4c60da3d4e6",
              "isHook": false,
              "skipped": false
            },
            {
              "title": ".parents() - get parent DOM elements from DOM elements",
              "fullTitle": "Traversal .parents() - get parent DOM elements from DOM elements",
              "timedOut": null,
              "duration": 473,
              "state": "passed",
              "speed": "slow",
              "pass": true,
              "fail": false,
              "pending": false,
              "context": null,
              "code": "// https://on.cypress.io/parents\ncy.get('.traversal-cite')\n    .parents().should('match', 'blockquote');",
              "err": {},
              "uuid": "689ec9ff-ddd0-49a4-a5eb-bdb4eda369a2",
              "parentUUID": "c5afd116-7366-4a6e-b19e-e4c60da3d4e6",
              "isHook": false,
              "skipped": false
            },
            {
              "title": ".parentsUntil() - get parent DOM elements from DOM elements until el",
              "fullTitle": "Traversal .parentsUntil() - get parent DOM elements from DOM elements until el",
              "timedOut": null,
              "duration": 440,
              "state": "passed",
              "speed": "slow",
              "pass": true,
              "fail": false,
              "pending": false,
              "context": null,
              "code": "// https://on.cypress.io/parentsuntil\ncy.get('.clothes-nav')\n    .find('.active')\n    .parentsUntil('.clothes-nav')\n    .should('have.length', 2);",
              "err": {},
              "uuid": "e76e86a2-b6c4-4d26-9985-6c4ab19a9ede",
              "parentUUID": "c5afd116-7366-4a6e-b19e-e4c60da3d4e6",
              "isHook": false,
              "skipped": false
            },
            {
              "title": ".prev() - get previous sibling DOM element",
              "fullTitle": "Traversal .prev() - get previous sibling DOM element",
              "timedOut": null,
              "duration": 437,
              "state": "passed",
              "speed": "slow",
              "pass": true,
              "fail": false,
              "pending": false,
              "context": null,
              "code": "// https://on.cypress.io/prev\ncy.get('.birds').find('.active')\n    .prev().should('contain', 'Lorikeets');",
              "err": {},
              "uuid": "d3ad0601-f4d0-40d3-ab3f-d9d653f00e8a",
              "parentUUID": "c5afd116-7366-4a6e-b19e-e4c60da3d4e6",
              "isHook": false,
              "skipped": false
            },
            {
              "title": ".prevAll() - get all previous sibling DOM elements",
              "fullTitle": "Traversal .prevAll() - get all previous sibling DOM elements",
              "timedOut": null,
              "duration": 643,
              "state": "passed",
              "speed": "slow",
              "pass": true,
              "fail": false,
              "pending": false,
              "context": null,
              "code": "// https://on.cypress.io/prevAll\ncy.get('.fruits-list').find('.third')\n    .prevAll().should('have.length', 2);",
              "err": {},
              "uuid": "fe7abb3c-ce57-4c78-a962-8c366e7426e9",
              "parentUUID": "c5afd116-7366-4a6e-b19e-e4c60da3d4e6",
              "isHook": false,
              "skipped": false
            },
            {
              "title": ".prevUntil() - get all previous sibling DOM elements until el",
              "fullTitle": "Traversal .prevUntil() - get all previous sibling DOM elements until el",
              "timedOut": null,
              "duration": 699,
              "state": "passed",
              "speed": "slow",
              "pass": true,
              "fail": false,
              "pending": false,
              "context": null,
              "code": "// https://on.cypress.io/prevUntil\ncy.get('.foods-list').find('#nuts')\n    .prevUntil('#veggies').should('have.length', 3);",
              "err": {},
              "uuid": "8cfcde56-caed-4d7b-8bc7-98a9d8fdfb1b",
              "parentUUID": "c5afd116-7366-4a6e-b19e-e4c60da3d4e6",
              "isHook": false,
              "skipped": false
            },
            {
              "title": ".siblings() - get all sibling DOM elements",
              "fullTitle": "Traversal .siblings() - get all sibling DOM elements",
              "timedOut": null,
              "duration": 651,
              "state": "passed",
              "speed": "slow",
              "pass": true,
              "fail": false,
              "pending": false,
              "context": null,
              "code": "// https://on.cypress.io/siblings\ncy.get('.traversal-pills .active')\n    .siblings().should('have.length', 2);",
              "err": {},
              "uuid": "28256b97-dcd8-4769-a74f-969b35518fa2",
              "parentUUID": "c5afd116-7366-4a6e-b19e-e4c60da3d4e6",
              "isHook": false,
              "skipped": false
            }
          ],
          "suites": [],
          "passes": [
            "51312fcf-78be-429e-b128-c8f99bb65360",
            "c2a59977-ca7a-46c3-8475-5c859e898018",
            "3291ffbb-acbe-4be8-80cd-0672cdebd513",
            "8c495838-2b00-4b4f-8294-d4f22b20feac",
            "95068789-6592-4d0b-ae00-545d560c43c5",
            "24136c90-9625-48f8-9399-790b71416e21",
            "06dd930b-cb06-4957-924a-37d6aaa2c04e",
            "59e4f019-f0ec-46c5-a8a6-3ba83faf90a5",
            "401ba654-c090-4b9f-8a30-852901e42615",
            "7bc912ad-73a7-4a9f-aa46-967578767b0b",
            "6214da57-945e-4bed-ab7a-7b25195220df",
            "06469b5c-23b5-4186-ae50-1ca9544f4aa0",
            "689ec9ff-ddd0-49a4-a5eb-bdb4eda369a2",
            "e76e86a2-b6c4-4d26-9985-6c4ab19a9ede",
            "d3ad0601-f4d0-40d3-ab3f-d9d653f00e8a",
            "fe7abb3c-ce57-4c78-a962-8c366e7426e9",
            "8cfcde56-caed-4d7b-8bc7-98a9d8fdfb1b",
            "28256b97-dcd8-4769-a74f-969b35518fa2"
          ],
          "failures": [],
          "pending": [],
          "skipped": [],
          "duration": 9271,
          "root": false,
          "rootEmpty": false,
          "_timeout": 2000
        }
      ],
      "passes": [],
      "failures": [],
      "pending": [],
      "skipped": [],
      "duration": 0,
      "root": true,
      "rootEmpty": true,
      "_timeout": 2000
    }
  ],
  "meta": {
    "mocha": {
      "version": "7.1.1"
    },
    "mochawesome": {
      "options": {
        "quiet": false,
        "reportFilename": "mochawesome",
        "saveHtml": false,
        "saveJson": true,
        "consoleReporter": "spec",
        "useInlineDiffs": false,
        "code": true
      },
      "version": "6.1.0"
    },
    "marge": {
      "options": {
        "id": "default",
        "reportDir": "cypress/reports/mocha",
        "quite": true,
        "overwrite": false,
        "html": false,
        "json": true
      },
      "version": "5.1.0"
    }
  }
}