{
  "stats": {
    "suites": 1,
    "tests": 5,
    "passes": 5,
    "pending": 0,
    "failures": 0,
    "start": "2020-04-21T16:05:21.210Z",
    "end": "2020-04-21T16:05:25.927Z",
    "duration": 4717,
    "testsRegistered": 5,
    "passPercent": 100,
    "pendingPercent": 0,
    "other": 0,
    "hasOther": false,
    "skipped": 0,
    "hasSkipped": false
  },
  "results": [
    {
      "uuid": "1928c46c-f1c3-4ec4-992b-845e65036c18",
      "title": "",
      "fullFile": "cypress/integration/examples/querying.spec.js",
      "file": "cypress/integration/examples/querying.spec.js",
      "beforeHooks": [],
      "afterHooks": [],
      "tests": [],
      "suites": [
        {
          "uuid": "c2f420e7-e903-4320-b45c-1c4206a63153",
          "title": "Querying",
          "fullFile": "",
          "file": "",
          "beforeHooks": [],
          "afterHooks": [],
          "tests": [
            {
              "title": "cy.get() - query DOM elements",
              "fullTitle": "Querying cy.get() - query DOM elements",
              "timedOut": null,
              "duration": 1068,
              "state": "passed",
              "speed": "slow",
              "pass": true,
              "fail": false,
              "pending": false,
              "context": null,
              "code": "// https://on.cypress.io/get\ncy.get('#query-btn').should('contain', 'Button');\ncy.get('.query-btn').should('contain', 'Button');\ncy.get('#querying .well>button:first').should('contain', 'Button');\n//              ↲\n// Use CSS selectors just like jQuery\ncy.get('[data-test-id=\"test-example\"]').should('have.class', 'example');\n// 'cy.get()' yields jQuery object, you can get its attribute\n// by invoking `.attr()` method\ncy.get('[data-test-id=\"test-example\"]')\n    .invoke('attr', 'data-test-id')\n    .should('equal', 'test-example');\n// or you can get element's CSS property\ncy.get('[data-test-id=\"test-example\"]')\n    .invoke('css', 'position')\n    .should('equal', 'static');\n// or use assertions directly during 'cy.get()'\n// https://on.cypress.io/assertions\ncy.get('[data-test-id=\"test-example\"]')\n    .should('have.attr', 'data-test-id', 'test-example')\n    .and('have.css', 'position', 'static');",
              "err": {},
              "uuid": "c44b1dc9-9e2e-4bf2-87ca-d636be0a313c",
              "parentUUID": "c2f420e7-e903-4320-b45c-1c4206a63153",
              "isHook": false,
              "skipped": false
            },
            {
              "title": "cy.contains() - query DOM elements with matching content",
              "fullTitle": "Querying cy.contains() - query DOM elements with matching content",
              "timedOut": null,
              "duration": 405,
              "state": "passed",
              "speed": "slow",
              "pass": true,
              "fail": false,
              "pending": false,
              "context": null,
              "code": "// https://on.cypress.io/contains\ncy.get('.query-list')\n    .contains('bananas')\n    .should('have.class', 'third');\n// we can pass a regexp to `.contains()`\ncy.get('.query-list')\n    .contains(/^b\\w+/)\n    .should('have.class', 'third');\ncy.get('.query-list')\n    .contains('apples')\n    .should('have.class', 'first');\n// passing a selector to contains will\n// yield the selector containing the text\ncy.get('#querying')\n    .contains('ul', 'oranges')\n    .should('have.class', 'query-list');\ncy.get('.query-button')\n    .contains('Save Form')\n    .should('have.class', 'btn');",
              "err": {},
              "uuid": "76cdb683-c76b-4eb1-a06e-01cde04e15a4",
              "parentUUID": "c2f420e7-e903-4320-b45c-1c4206a63153",
              "isHook": false,
              "skipped": false
            },
            {
              "title": ".within() - query DOM elements within a specific element",
              "fullTitle": "Querying .within() - query DOM elements within a specific element",
              "timedOut": null,
              "duration": 328,
              "state": "passed",
              "speed": "slow",
              "pass": true,
              "fail": false,
              "pending": false,
              "context": null,
              "code": "// https://on.cypress.io/within\ncy.get('.query-form').within(function () {\n    cy.get('input:first').should('have.attr', 'placeholder', 'Email');\n    cy.get('input:last').should('have.attr', 'placeholder', 'Password');\n});",
              "err": {},
              "uuid": "365b695d-9619-4a69-bd9e-6cf51b4f8af2",
              "parentUUID": "c2f420e7-e903-4320-b45c-1c4206a63153",
              "isHook": false,
              "skipped": false
            },
            {
              "title": "cy.root() - query the root DOM element",
              "fullTitle": "Querying cy.root() - query the root DOM element",
              "timedOut": null,
              "duration": 343,
              "state": "passed",
              "speed": "slow",
              "pass": true,
              "fail": false,
              "pending": false,
              "context": null,
              "code": "// https://on.cypress.io/root\n// By default, root is the document\ncy.root().should('match', 'html');\ncy.get('.query-ul').within(function () {\n    // In this within, the root is now the ul DOM element\n    cy.root().should('have.class', 'query-ul');\n});",
              "err": {},
              "uuid": "ac7b43c4-6b2b-4435-839a-70027f549395",
              "parentUUID": "c2f420e7-e903-4320-b45c-1c4206a63153",
              "isHook": false,
              "skipped": false
            },
            {
              "title": "best practices - selecting elements",
              "fullTitle": "Querying best practices - selecting elements",
              "timedOut": null,
              "duration": 978,
              "state": "passed",
              "speed": "slow",
              "pass": true,
              "fail": false,
              "pending": false,
              "context": null,
              "code": "// https://on.cypress.io/best-practices#Selecting-Elements\ncy.get('[data-cy=best-practices-selecting-elements]').within(function () {\n    // Worst - too generic, no context\n    cy.get('button').click();\n    // Bad. Coupled to styling. Highly subject to change.\n    cy.get('.btn.btn-large').click();\n    // Average. Coupled to the `name` attribute which has HTML semantics.\n    cy.get('[name=submission]').click();\n    // Better. But still coupled to styling or JS event listeners.\n    cy.get('#main').click();\n    // Slightly better. Uses an ID but also ensures the element\n    // has an ARIA role attribute\n    cy.get('#main[role=button]').click();\n    // Much better. But still coupled to text content that may change.\n    cy.contains('Submit').click();\n    // Best. Insulated from all changes.\n    cy.get('[data-cy=submit]').click();\n});",
              "err": {},
              "uuid": "5ba0c155-c7d4-43af-9d0a-1305e8c162d8",
              "parentUUID": "c2f420e7-e903-4320-b45c-1c4206a63153",
              "isHook": false,
              "skipped": false
            }
          ],
          "suites": [],
          "passes": [
            "c44b1dc9-9e2e-4bf2-87ca-d636be0a313c",
            "76cdb683-c76b-4eb1-a06e-01cde04e15a4",
            "365b695d-9619-4a69-bd9e-6cf51b4f8af2",
            "ac7b43c4-6b2b-4435-839a-70027f549395",
            "5ba0c155-c7d4-43af-9d0a-1305e8c162d8"
          ],
          "failures": [],
          "pending": [],
          "skipped": [],
          "duration": 3122,
          "root": false,
          "rootEmpty": false,
          "_timeout": 2000
        }
      ],
      "passes": [],
      "failures": [],
      "pending": [],
      "skipped": [],
      "duration": 0,
      "root": true,
      "rootEmpty": true,
      "_timeout": 2000
    }
  ],
  "meta": {
    "mocha": {
      "version": "7.1.1"
    },
    "mochawesome": {
      "options": {
        "quiet": false,
        "reportFilename": "mochawesome",
        "saveHtml": false,
        "saveJson": true,
        "consoleReporter": "spec",
        "useInlineDiffs": false,
        "code": true
      },
      "version": "6.1.0"
    },
    "marge": {
      "options": {
        "id": "default",
        "reportDir": "cypress/reports/mocha",
        "quite": true,
        "overwrite": false,
        "html": false,
        "json": true
      },
      "version": "5.1.0"
    }
  }
}