{
  "stats": {
    "suites": 1,
    "tests": 20,
    "passes": 19,
    "pending": 0,
    "failures": 1,
    "start": "2020-04-25T14:31:00.450Z",
    "end": "2020-04-25T14:31:12.692Z",
    "duration": 12242,
    "testsRegistered": 20,
    "passPercent": 95,
    "pendingPercent": 0,
    "other": 0,
    "hasOther": false,
    "skipped": 0,
    "hasSkipped": false
  },
  "results": [
    {
      "uuid": "5d929594-4636-4db0-a3a2-7785b9821956",
      "title": "",
      "fullFile": "cypress/integration/cinema/dashboard.js",
      "file": "cypress/integration/cinema/dashboard.js",
      "beforeHooks": [],
      "afterHooks": [],
      "tests": [],
      "suites": [
        {
          "uuid": "c3fe552e-acd4-40bc-9a93-0f0a311010c9",
          "title": "Landing on the Dashboard",
          "fullFile": "",
          "file": "",
          "beforeHooks": [],
          "afterHooks": [],
          "tests": [
            {
              "title": "goes to dashboard",
              "fullTitle": "Landing on the Dashboard goes to dashboard",
              "timedOut": null,
              "duration": 2496,
              "state": "passed",
              "speed": "slow",
              "pass": true,
              "fail": false,
              "pending": false,
              "context": null,
              "code": "landing.visitHomePage();",
              "err": {},
              "uuid": "a796dab8-82dc-464d-8884-f12b8aefbba4",
              "parentUUID": "c3fe552e-acd4-40bc-9a93-0f0a311010c9",
              "isHook": false,
              "skipped": false
            },
            {
              "title": "verifies user is on landing page",
              "fullTitle": "Landing on the Dashboard verifies user is on landing page",
              "timedOut": null,
              "duration": 101,
              "state": "passed",
              "speed": "slow",
              "pass": true,
              "fail": false,
              "pending": false,
              "context": null,
              "code": "landing.verifyHomePageNavigation();",
              "err": {},
              "uuid": "38a3cd34-2fdf-4708-acae-453703ef8680",
              "parentUUID": "c3fe552e-acd4-40bc-9a93-0f0a311010c9",
              "isHook": false,
              "skipped": false
            },
            {
              "title": "verifies the title",
              "fullTitle": "Landing on the Dashboard verifies the title",
              "timedOut": null,
              "duration": 31,
              "state": "passed",
              "speed": "fast",
              "pass": true,
              "fail": false,
              "pending": false,
              "context": null,
              "code": "landing.verifyTitle();",
              "err": {},
              "uuid": "59e2e423-8ede-46bf-a299-6beca8cf19ca",
              "parentUUID": "c3fe552e-acd4-40bc-9a93-0f0a311010c9",
              "isHook": false,
              "skipped": false
            },
            {
              "title": "verifies the word iCinema in title",
              "fullTitle": "Landing on the Dashboard verifies the word iCinema in title",
              "timedOut": null,
              "duration": 252,
              "state": "passed",
              "speed": "slow",
              "pass": true,
              "fail": false,
              "pending": false,
              "context": null,
              "code": "landing.verifyTitleWord();",
              "err": {},
              "uuid": "c2944861-9925-4aee-9c4b-af12ca1e608d",
              "parentUUID": "c3fe552e-acd4-40bc-9a93-0f0a311010c9",
              "isHook": false,
              "skipped": false
            },
            {
              "title": "checks whether there are countries appearing",
              "fullTitle": "Landing on the Dashboard checks whether there are countries appearing",
              "timedOut": null,
              "duration": 77,
              "state": "passed",
              "speed": "slow",
              "pass": true,
              "fail": false,
              "pending": false,
              "context": null,
              "code": "landing.verifyCountriesExists();",
              "err": {},
              "uuid": "31b9b6bc-07ba-4f6b-9b37-a89a16f28c20",
              "parentUUID": "c3fe552e-acd4-40bc-9a93-0f0a311010c9",
              "isHook": false,
              "skipped": false
            },
            {
              "title": "checks that navbar is not empty",
              "fullTitle": "Landing on the Dashboard checks that navbar is not empty",
              "timedOut": null,
              "duration": 62,
              "state": "passed",
              "speed": "medium",
              "pass": true,
              "fail": false,
              "pending": false,
              "context": null,
              "code": "landing.verifyNavBar();",
              "err": {},
              "uuid": "c7d8628c-e9f9-4575-90bd-6025f2f0fad4",
              "parentUUID": "c3fe552e-acd4-40bc-9a93-0f0a311010c9",
              "isHook": false,
              "skipped": false
            },
            {
              "title": "clicks on first country",
              "fullTitle": "Landing on the Dashboard clicks on first country",
              "timedOut": null,
              "duration": 166,
              "state": "passed",
              "speed": "slow",
              "pass": true,
              "fail": false,
              "pending": false,
              "context": null,
              "code": "landing.clickOncountry();",
              "err": {},
              "uuid": "6fc40f6e-f4a4-4be1-893c-6a6c662af849",
              "parentUUID": "c3fe552e-acd4-40bc-9a93-0f0a311010c9",
              "isHook": false,
              "skipped": false
            },
            {
              "title": "checks if country is selected",
              "fullTitle": "Landing on the Dashboard checks if country is selected",
              "timedOut": null,
              "duration": 41,
              "state": "passed",
              "speed": "medium",
              "pass": true,
              "fail": false,
              "pending": false,
              "context": null,
              "code": "landing.checkElementSelected();",
              "err": {},
              "uuid": "f5dd4096-14c6-461b-ae0b-797284eb84c1",
              "parentUUID": "c3fe552e-acd4-40bc-9a93-0f0a311010c9",
              "isHook": false,
              "skipped": false
            },
            {
              "title": "goes to next section",
              "fullTitle": "Landing on the Dashboard goes to next section",
              "timedOut": null,
              "duration": 402,
              "state": "passed",
              "speed": "slow",
              "pass": true,
              "fail": false,
              "pending": false,
              "context": null,
              "code": "landing.clickNextArrow();",
              "err": {},
              "uuid": "53e9e91a-5461-4564-b3e3-047b2334d7ef",
              "parentUUID": "c3fe552e-acd4-40bc-9a93-0f0a311010c9",
              "isHook": false,
              "skipped": false
            },
            {
              "title": "check URL contains text",
              "fullTitle": "Landing on the Dashboard check URL contains text",
              "timedOut": null,
              "duration": 50,
              "state": "passed",
              "speed": "medium",
              "pass": true,
              "fail": false,
              "pending": false,
              "context": null,
              "code": "landing.checkURL('movies');",
              "err": {},
              "uuid": "0233da0d-8f78-425a-a5a6-4d6849174b2f",
              "parentUUID": "c3fe552e-acd4-40bc-9a93-0f0a311010c9",
              "isHook": false,
              "skipped": false
            },
            {
              "title": "checks that there are movies in the list",
              "fullTitle": "Landing on the Dashboard checks that there are movies in the list",
              "timedOut": null,
              "duration": 436,
              "state": "passed",
              "speed": "slow",
              "pass": true,
              "fail": false,
              "pending": false,
              "context": null,
              "code": "moveselection.checkMovieListNotEmpty();",
              "err": {},
              "uuid": "ee8a0d97-23b3-4da2-8be7-815830d009b3",
              "parentUUID": "c3fe552e-acd4-40bc-9a93-0f0a311010c9",
              "isHook": false,
              "skipped": false
            },
            {
              "title": "maybe prints all names",
              "fullTitle": "Landing on the Dashboard maybe prints all names",
              "timedOut": null,
              "duration": 822,
              "state": "passed",
              "speed": "slow",
              "pass": true,
              "fail": false,
              "pending": false,
              "context": null,
              "code": "moveselection.checkAllMovie();",
              "err": {},
              "uuid": "abbbf872-a5bd-408c-a1ac-1900b991f5ee",
              "parentUUID": "c3fe552e-acd4-40bc-9a93-0f0a311010c9",
              "isHook": false,
              "skipped": false
            },
            {
              "title": "clicks element by index",
              "fullTitle": "Landing on the Dashboard clicks element by index",
              "timedOut": null,
              "duration": 175,
              "state": "passed",
              "speed": "slow",
              "pass": true,
              "fail": false,
              "pending": false,
              "context": null,
              "code": "moveselection.checkParticularMovieByIndex(3);",
              "err": {},
              "uuid": "466fd096-783d-464b-be9e-783f2be011b2",
              "parentUUID": "c3fe552e-acd4-40bc-9a93-0f0a311010c9",
              "isHook": false,
              "skipped": false
            },
            {
              "title": "checks if the image is present for the movies",
              "fullTitle": "Landing on the Dashboard checks if the image is present for the movies",
              "timedOut": null,
              "duration": 92,
              "state": "passed",
              "speed": "slow",
              "pass": true,
              "fail": false,
              "pending": false,
              "context": null,
              "code": "moveselection.checkMovieImage();",
              "err": {},
              "uuid": "6baf521d-c40a-410f-b691-128d5ea9f5e4",
              "parentUUID": "c3fe552e-acd4-40bc-9a93-0f0a311010c9",
              "isHook": false,
              "skipped": false
            },
            {
              "title": "clicks on next arrow",
              "fullTitle": "Landing on the Dashboard clicks on next arrow",
              "timedOut": null,
              "duration": 513,
              "state": "passed",
              "speed": "slow",
              "pass": true,
              "fail": false,
              "pending": false,
              "context": null,
              "code": "landing.clickNextArrow();",
              "err": {},
              "uuid": "030f62a4-ed88-4f8b-bc8b-9ea0c04dfe2a",
              "parentUUID": "c3fe552e-acd4-40bc-9a93-0f0a311010c9",
              "isHook": false,
              "skipped": false
            },
            {
              "title": "checks if the user is now on schedule page",
              "fullTitle": "Landing on the Dashboard checks if the user is now on schedule page",
              "timedOut": null,
              "duration": 58,
              "state": "passed",
              "speed": "medium",
              "pass": true,
              "fail": false,
              "pending": false,
              "context": null,
              "code": "landing.checkURL('schedule');",
              "err": {},
              "uuid": "be86b608-acf6-4177-b544-0357fb42a9c4",
              "parentUUID": "c3fe552e-acd4-40bc-9a93-0f0a311010c9",
              "isHook": false,
              "skipped": false
            },
            {
              "title": "checks that the schedules are not empty",
              "fullTitle": "Landing on the Dashboard checks that the schedules are not empty",
              "timedOut": null,
              "duration": 167,
              "state": "passed",
              "speed": "slow",
              "pass": true,
              "fail": false,
              "pending": false,
              "context": null,
              "code": "time.checkScheduleNotEmpty();",
              "err": {},
              "uuid": "e3fac4a8-981e-4fe8-b992-85b2b10bcf64",
              "parentUUID": "c3fe552e-acd4-40bc-9a93-0f0a311010c9",
              "isHook": false,
              "skipped": false
            },
            {
              "title": "selects a time slot",
              "fullTitle": "Landing on the Dashboard selects a time slot",
              "timedOut": null,
              "duration": 201,
              "state": "passed",
              "speed": "slow",
              "pass": true,
              "fail": false,
              "pending": false,
              "context": null,
              "code": "time.selectRandomTimeSlot(2);",
              "err": {},
              "uuid": "e86429ad-5a14-4a93-a9ec-7f75f4615341",
              "parentUUID": "c3fe552e-acd4-40bc-9a93-0f0a311010c9",
              "isHook": false,
              "skipped": false
            },
            {
              "title": "goes to next page",
              "fullTitle": "Landing on the Dashboard goes to next page",
              "timedOut": null,
              "duration": 206,
              "state": "passed",
              "speed": "slow",
              "pass": true,
              "fail": false,
              "pending": false,
              "context": null,
              "code": "landing.clickNextArrow();",
              "err": {},
              "uuid": "811a7fb9-ac11-406e-a1e6-6323a1a42fd1",
              "parentUUID": "c3fe552e-acd4-40bc-9a93-0f0a311010c9",
              "isHook": false,
              "skipped": false
            },
            {
              "title": "enter 3 tickes",
              "fullTitle": "Landing on the Dashboard enter 3 tickes",
              "timedOut": null,
              "duration": 4533,
              "state": "failed",
              "speed": null,
              "pass": false,
              "fail": true,
              "pending": false,
              "context": null,
              "code": "tickets.setTicketCount(3);",
              "err": {
                "message": "AssertionError: Timed out retrying: Expected to find element: `div.tickets-info > div:nth-child(1) > span > b`, but never found it.",
                "estack": "AssertionError: Timed out retrying: Expected to find element: `div.tickets-info > div:nth-child(1) > span > b`, but never found it.\n    at ensureExistence (http://localhost:3000/__cypress/runner/cypress_runner.js:137311:32)\n    at Object.ensureElExistence (http://localhost:3000/__cypress/runner/cypress_runner.js:137329:12)\n    at ensureExistence (http://localhost:3000/__cypress/runner/cypress_runner.js:127867:23)\n    at onFailFn (http://localhost:3000/__cypress/runner/cypress_runner.js:127905:9)\n    at tryCatcher (http://localhost:3000/__cypress/runner/cypress_runner.js:9059:23)\n    at Promise._settlePromiseFromHandler (http://localhost:3000/__cypress/runner/cypress_runner.js:6994:31)\n    at Promise._settlePromise (http://localhost:3000/__cypress/runner/cypress_runner.js:7051:18)\n    at Promise._settlePromise0 (http://localhost:3000/__cypress/runner/cypress_runner.js:7096:10)\n    at Promise._settlePromises (http://localhost:3000/__cypress/runner/cypress_runner.js:7172:18)\n    at _drainQueueStep (http://localhost:3000/__cypress/runner/cypress_runner.js:3766:12)\n    at _drainQueue (http://localhost:3000/__cypress/runner/cypress_runner.js:3759:9)\n    at Async.../../node_modules/bluebird/js/release/async.js.Async._drainQueues (http://localhost:3000/__cypress/runner/cypress_runner.js:3775:5)\n    at Async.drainQueues (http://localhost:3000/__cypress/runner/cypress_runner.js:3645:14)",
                "diff": null
              },
              "uuid": "851d998e-9ae3-4e44-9bb6-ddb40f7a7ebf",
              "parentUUID": "c3fe552e-acd4-40bc-9a93-0f0a311010c9",
              "isHook": false,
              "skipped": false
            }
          ],
          "suites": [],
          "passes": [
            "a796dab8-82dc-464d-8884-f12b8aefbba4",
            "38a3cd34-2fdf-4708-acae-453703ef8680",
            "59e2e423-8ede-46bf-a299-6beca8cf19ca",
            "c2944861-9925-4aee-9c4b-af12ca1e608d",
            "31b9b6bc-07ba-4f6b-9b37-a89a16f28c20",
            "c7d8628c-e9f9-4575-90bd-6025f2f0fad4",
            "6fc40f6e-f4a4-4be1-893c-6a6c662af849",
            "f5dd4096-14c6-461b-ae0b-797284eb84c1",
            "53e9e91a-5461-4564-b3e3-047b2334d7ef",
            "0233da0d-8f78-425a-a5a6-4d6849174b2f",
            "ee8a0d97-23b3-4da2-8be7-815830d009b3",
            "abbbf872-a5bd-408c-a1ac-1900b991f5ee",
            "466fd096-783d-464b-be9e-783f2be011b2",
            "6baf521d-c40a-410f-b691-128d5ea9f5e4",
            "030f62a4-ed88-4f8b-bc8b-9ea0c04dfe2a",
            "be86b608-acf6-4177-b544-0357fb42a9c4",
            "e3fac4a8-981e-4fe8-b992-85b2b10bcf64",
            "e86429ad-5a14-4a93-a9ec-7f75f4615341",
            "811a7fb9-ac11-406e-a1e6-6323a1a42fd1"
          ],
          "failures": [
            "851d998e-9ae3-4e44-9bb6-ddb40f7a7ebf"
          ],
          "pending": [],
          "skipped": [],
          "duration": 10881,
          "root": false,
          "rootEmpty": false,
          "_timeout": 2000
        }
      ],
      "passes": [],
      "failures": [],
      "pending": [],
      "skipped": [],
      "duration": 0,
      "root": true,
      "rootEmpty": true,
      "_timeout": 2000
    }
  ],
  "meta": {
    "mocha": {
      "version": "7.1.1"
    },
    "mochawesome": {
      "options": {
        "quiet": false,
        "reportFilename": "mochawesome",
        "saveHtml": false,
        "saveJson": true,
        "consoleReporter": "spec",
        "useInlineDiffs": false,
        "code": true
      },
      "version": "6.1.0"
    },
    "marge": {
      "options": {
        "id": "default",
        "reportDir": "cypress/reports/mocha",
        "quite": true,
        "overwrite": false,
        "html": false,
        "json": true
      },
      "version": "5.1.0"
    }
  }
}