{
  "stats": {
    "suites": 1,
    "tests": 27,
    "passes": 27,
    "pending": 0,
    "failures": 0,
    "start": "2020-05-04T23:49:23.023Z",
    "end": "2020-05-04T23:49:23.023Z",
    "duration": 6911,
    "testsRegistered": 27,
    "passPercent": 100,
    "pendingPercent": 0,
    "other": 0,
    "hasOther": false,
    "skipped": 0,
    "hasSkipped": false
  },
  "results": [
    {
      "uuid": "b46531b2-a6b3-480c-9783-2a3388c2757a",
      "title": "",
      "fullFile": "cypress/integration/cinema/dashboard.js",
      "file": "cypress/integration/cinema/dashboard.js",
      "beforeHooks": [],
      "afterHooks": [],
      "tests": [],
      "suites": [
        {
          "uuid": "83e2684a-ceea-4e28-863f-df117d50375e",
          "title": "Landing on the Dashboard",
          "fullFile": "",
          "file": "",
          "beforeHooks": [],
          "afterHooks": [],
          "tests": [
            {
              "title": "goes to dashboard",
              "fullTitle": "Landing on the Dashboard goes to dashboard",
              "timedOut": null,
              "duration": 2130,
              "state": "passed",
              "speed": "slow",
              "pass": true,
              "fail": false,
              "pending": false,
              "context": null,
              "code": "landing.visitHomePage();",
              "err": {},
              "uuid": "7884589d-7873-4f7b-aef0-8a9f2667b0f9",
              "parentUUID": "83e2684a-ceea-4e28-863f-df117d50375e",
              "isHook": false,
              "skipped": false
            },
            {
              "title": "verifies user is on landing page",
              "fullTitle": "Landing on the Dashboard verifies user is on landing page",
              "timedOut": null,
              "duration": 46,
              "state": "passed",
              "speed": "medium",
              "pass": true,
              "fail": false,
              "pending": false,
              "context": null,
              "code": "landing.verifyHomePageNavigation();",
              "err": {},
              "uuid": "2cf9f65c-96bc-4bbe-9886-acc44f250d75",
              "parentUUID": "83e2684a-ceea-4e28-863f-df117d50375e",
              "isHook": false,
              "skipped": false
            },
            {
              "title": "verifies the title",
              "fullTitle": "Landing on the Dashboard verifies the title",
              "timedOut": null,
              "duration": 53,
              "state": "passed",
              "speed": "medium",
              "pass": true,
              "fail": false,
              "pending": false,
              "context": null,
              "code": "landing.verifyTitle();",
              "err": {},
              "uuid": "15348f6e-e1c3-49b3-93e6-b7c5d486653f",
              "parentUUID": "83e2684a-ceea-4e28-863f-df117d50375e",
              "isHook": false,
              "skipped": false
            },
            {
              "title": "verifies the word iCinema in title",
              "fullTitle": "Landing on the Dashboard verifies the word iCinema in title",
              "timedOut": null,
              "duration": 47,
              "state": "passed",
              "speed": "medium",
              "pass": true,
              "fail": false,
              "pending": false,
              "context": null,
              "code": "landing.verifyTitleWord();",
              "err": {},
              "uuid": "a6b20569-c978-46c5-8b02-c91c1dc5c7ac",
              "parentUUID": "83e2684a-ceea-4e28-863f-df117d50375e",
              "isHook": false,
              "skipped": false
            },
            {
              "title": "checks whether there are countries appearing",
              "fullTitle": "Landing on the Dashboard checks whether there are countries appearing",
              "timedOut": null,
              "duration": 99,
              "state": "passed",
              "speed": "slow",
              "pass": true,
              "fail": false,
              "pending": false,
              "context": null,
              "code": "landing.verifyCountriesExists();",
              "err": {},
              "uuid": "3251a8fc-3491-4060-a970-346519004ff7",
              "parentUUID": "83e2684a-ceea-4e28-863f-df117d50375e",
              "isHook": false,
              "skipped": false
            },
            {
              "title": "checks that navbar is not empty",
              "fullTitle": "Landing on the Dashboard checks that navbar is not empty",
              "timedOut": null,
              "duration": 88,
              "state": "passed",
              "speed": "slow",
              "pass": true,
              "fail": false,
              "pending": false,
              "context": null,
              "code": "landing.verifyNavBar();",
              "err": {},
              "uuid": "d3958ae0-ae61-45b4-b9a1-7067b4c78d51",
              "parentUUID": "83e2684a-ceea-4e28-863f-df117d50375e",
              "isHook": false,
              "skipped": false
            },
            {
              "title": "clicks on first country",
              "fullTitle": "Landing on the Dashboard clicks on first country",
              "timedOut": null,
              "duration": 175,
              "state": "passed",
              "speed": "slow",
              "pass": true,
              "fail": false,
              "pending": false,
              "context": null,
              "code": "landing.clickOncountry();",
              "err": {},
              "uuid": "111b06dc-0d7d-49b8-bdfa-3602bbd132ba",
              "parentUUID": "83e2684a-ceea-4e28-863f-df117d50375e",
              "isHook": false,
              "skipped": false
            },
            {
              "title": "checks if country is selected",
              "fullTitle": "Landing on the Dashboard checks if country is selected",
              "timedOut": null,
              "duration": 84,
              "state": "passed",
              "speed": "slow",
              "pass": true,
              "fail": false,
              "pending": false,
              "context": null,
              "code": "landing.checkElementSelected();",
              "err": {},
              "uuid": "00c6088b-507d-4b46-a6f0-71071b144469",
              "parentUUID": "83e2684a-ceea-4e28-863f-df117d50375e",
              "isHook": false,
              "skipped": false
            },
            {
              "title": "goes to next section",
              "fullTitle": "Landing on the Dashboard goes to next section",
              "timedOut": null,
              "duration": 170,
              "state": "passed",
              "speed": "slow",
              "pass": true,
              "fail": false,
              "pending": false,
              "context": null,
              "code": "landing.clickNextArrow();",
              "err": {},
              "uuid": "2a3e4246-0fe5-4fa3-afc1-977ed83d566c",
              "parentUUID": "83e2684a-ceea-4e28-863f-df117d50375e",
              "isHook": false,
              "skipped": false
            },
            {
              "title": "check URL contains text",
              "fullTitle": "Landing on the Dashboard check URL contains text",
              "timedOut": null,
              "duration": 54,
              "state": "passed",
              "speed": "medium",
              "pass": true,
              "fail": false,
              "pending": false,
              "context": null,
              "code": "landing.checkURL('movies');",
              "err": {},
              "uuid": "3f529259-fa72-4a9d-9787-7fef2586810f",
              "parentUUID": "83e2684a-ceea-4e28-863f-df117d50375e",
              "isHook": false,
              "skipped": false
            },
            {
              "title": "checks that there are movies in the list",
              "fullTitle": "Landing on the Dashboard checks that there are movies in the list",
              "timedOut": null,
              "duration": 80,
              "state": "passed",
              "speed": "slow",
              "pass": true,
              "fail": false,
              "pending": false,
              "context": null,
              "code": "moveselection.checkMovieListNotEmpty();",
              "err": {},
              "uuid": "5f49f177-64ef-4160-92bd-abac6353e58a",
              "parentUUID": "83e2684a-ceea-4e28-863f-df117d50375e",
              "isHook": false,
              "skipped": false
            },
            {
              "title": "maybe prints all names",
              "fullTitle": "Landing on the Dashboard maybe prints all names",
              "timedOut": null,
              "duration": 510,
              "state": "passed",
              "speed": "slow",
              "pass": true,
              "fail": false,
              "pending": false,
              "context": null,
              "code": "moveselection.checkAllMovie();",
              "err": {},
              "uuid": "97a670ac-882d-46fe-9925-a989616fad91",
              "parentUUID": "83e2684a-ceea-4e28-863f-df117d50375e",
              "isHook": false,
              "skipped": false
            },
            {
              "title": "clicks element by index",
              "fullTitle": "Landing on the Dashboard clicks element by index",
              "timedOut": null,
              "duration": 169,
              "state": "passed",
              "speed": "slow",
              "pass": true,
              "fail": false,
              "pending": false,
              "context": null,
              "code": "moveselection.checkParticularMovieByIndex(3);",
              "err": {},
              "uuid": "36b69d20-5ae6-4a7e-8ddd-59a026183b92",
              "parentUUID": "83e2684a-ceea-4e28-863f-df117d50375e",
              "isHook": false,
              "skipped": false
            },
            {
              "title": "checks if the image is present for the movies",
              "fullTitle": "Landing on the Dashboard checks if the image is present for the movies",
              "timedOut": null,
              "duration": 54,
              "state": "passed",
              "speed": "medium",
              "pass": true,
              "fail": false,
              "pending": false,
              "context": null,
              "code": "moveselection.checkMovieImage();",
              "err": {},
              "uuid": "8075c5f9-d4ce-4563-bb8b-61b09428c64f",
              "parentUUID": "83e2684a-ceea-4e28-863f-df117d50375e",
              "isHook": false,
              "skipped": false
            },
            {
              "title": "clicks on next arrow",
              "fullTitle": "Landing on the Dashboard clicks on next arrow",
              "timedOut": null,
              "duration": 152,
              "state": "passed",
              "speed": "slow",
              "pass": true,
              "fail": false,
              "pending": false,
              "context": null,
              "code": "landing.clickNextArrow();",
              "err": {},
              "uuid": "ba093e4d-eb40-4ed4-9650-939b479cd0a1",
              "parentUUID": "83e2684a-ceea-4e28-863f-df117d50375e",
              "isHook": false,
              "skipped": false
            },
            {
              "title": "checks if the user is now on schedule page",
              "fullTitle": "Landing on the Dashboard checks if the user is now on schedule page",
              "timedOut": null,
              "duration": 56,
              "state": "passed",
              "speed": "medium",
              "pass": true,
              "fail": false,
              "pending": false,
              "context": null,
              "code": "landing.checkURL('schedule');",
              "err": {},
              "uuid": "5677b205-f06e-4fa5-bd00-e2a154c2d89b",
              "parentUUID": "83e2684a-ceea-4e28-863f-df117d50375e",
              "isHook": false,
              "skipped": false
            },
            {
              "title": "checks that the schedules are not empty",
              "fullTitle": "Landing on the Dashboard checks that the schedules are not empty",
              "timedOut": null,
              "duration": 79,
              "state": "passed",
              "speed": "slow",
              "pass": true,
              "fail": false,
              "pending": false,
              "context": null,
              "code": "time.checkScheduleNotEmpty();",
              "err": {},
              "uuid": "bdf3503a-27f8-41f7-8574-5959eb712bb5",
              "parentUUID": "83e2684a-ceea-4e28-863f-df117d50375e",
              "isHook": false,
              "skipped": false
            },
            {
              "title": "selects a time slot",
              "fullTitle": "Landing on the Dashboard selects a time slot",
              "timedOut": null,
              "duration": 165,
              "state": "passed",
              "speed": "slow",
              "pass": true,
              "fail": false,
              "pending": false,
              "context": null,
              "code": "time.selectRandomTimeSlot(2);",
              "err": {},
              "uuid": "0a974cd8-1e83-4534-8b74-1d5cef56a5bd",
              "parentUUID": "83e2684a-ceea-4e28-863f-df117d50375e",
              "isHook": false,
              "skipped": false
            },
            {
              "title": "goes to next page",
              "fullTitle": "Landing on the Dashboard goes to next page",
              "timedOut": null,
              "duration": 135,
              "state": "passed",
              "speed": "slow",
              "pass": true,
              "fail": false,
              "pending": false,
              "context": null,
              "code": "landing.clickNextArrow();",
              "err": {},
              "uuid": "a1ea8f90-3ea3-4799-a902-c00966216843",
              "parentUUID": "83e2684a-ceea-4e28-863f-df117d50375e",
              "isHook": false,
              "skipped": false
            },
            {
              "title": "checks the person is on tickets page",
              "fullTitle": "Landing on the Dashboard checks the person is on tickets page",
              "timedOut": null,
              "duration": 43,
              "state": "passed",
              "speed": "medium",
              "pass": true,
              "fail": false,
              "pending": false,
              "context": null,
              "code": "landing.checkURL('tickets');",
              "err": {},
              "uuid": "280f6d02-ef73-4cea-a3a5-113daf9f1cfa",
              "parentUUID": "83e2684a-ceea-4e28-863f-df117d50375e",
              "isHook": false,
              "skipped": false
            },
            {
              "title": "enter 3 tickes",
              "fullTitle": "Landing on the Dashboard enter 3 tickes",
              "timedOut": null,
              "duration": 616,
              "state": "passed",
              "speed": "slow",
              "pass": true,
              "fail": false,
              "pending": false,
              "context": null,
              "code": "//randomly enter tickets\ntickets.setTicketCount(3);",
              "err": {},
              "uuid": "2f5efaf5-c251-4431-93b3-ab791060f6e3",
              "parentUUID": "83e2684a-ceea-4e28-863f-df117d50375e",
              "isHook": false,
              "skipped": false
            },
            {
              "title": "checks price of tickets",
              "fullTitle": "Landing on the Dashboard checks price of tickets",
              "timedOut": null,
              "duration": 44,
              "state": "passed",
              "speed": "medium",
              "pass": true,
              "fail": false,
              "pending": false,
              "context": null,
              "code": "tickets.getTotalTicketPrice();",
              "err": {},
              "uuid": "0057d746-3676-4673-b398-e4d7a19bf481",
              "parentUUID": "83e2684a-ceea-4e28-863f-df117d50375e",
              "isHook": false,
              "skipped": false
            },
            {
              "title": "clicks on Save button",
              "fullTitle": "Landing on the Dashboard clicks on Save button",
              "timedOut": null,
              "duration": 245,
              "state": "passed",
              "speed": "slow",
              "pass": true,
              "fail": false,
              "pending": false,
              "context": null,
              "code": "tickets.saveBtn();",
              "err": {},
              "uuid": "72ba6d2e-9fae-4c8d-a585-572fae58d37e",
              "parentUUID": "83e2684a-ceea-4e28-863f-df117d50375e",
              "isHook": false,
              "skipped": false
            },
            {
              "title": "clicks on next arrow",
              "fullTitle": "Landing on the Dashboard clicks on next arrow",
              "timedOut": null,
              "duration": 310,
              "state": "passed",
              "speed": "slow",
              "pass": true,
              "fail": false,
              "pending": false,
              "context": null,
              "code": "landing.clickNextArrow();",
              "err": {},
              "uuid": "6c8b372d-7855-44c4-a2c8-c006cf312e9d",
              "parentUUID": "83e2684a-ceea-4e28-863f-df117d50375e",
              "isHook": false,
              "skipped": false
            },
            {
              "title": "checks the person is on seats page",
              "fullTitle": "Landing on the Dashboard checks the person is on seats page",
              "timedOut": null,
              "duration": 23,
              "state": "passed",
              "speed": "fast",
              "pass": true,
              "fail": false,
              "pending": false,
              "context": null,
              "code": "landing.checkURL('seats');",
              "err": {},
              "uuid": "5e3e231e-bda1-475c-a390-b6983d9f0c38",
              "parentUUID": "83e2684a-ceea-4e28-863f-df117d50375e",
              "isHook": false,
              "skipped": false
            },
            {
              "title": "checks all seats are unoccupied",
              "fullTitle": "Landing on the Dashboard checks all seats are unoccupied",
              "timedOut": null,
              "duration": 913,
              "state": "passed",
              "speed": "slow",
              "pass": true,
              "fail": false,
              "pending": false,
              "context": null,
              "code": "seats.checkAllSeatsUnSelected();",
              "err": {},
              "uuid": "0dbbb73f-642e-47ef-b9f1-84f84d093f9d",
              "parentUUID": "83e2684a-ceea-4e28-863f-df117d50375e",
              "isHook": false,
              "skipped": false
            },
            {
              "title": "adds chairs",
              "fullTitle": "Landing on the Dashboard adds chairs",
              "timedOut": null,
              "duration": 371,
              "state": "passed",
              "speed": "slow",
              "pass": true,
              "fail": false,
              "pending": false,
              "context": null,
              "code": "seats.clickAndAddChairs();",
              "err": {},
              "uuid": "0d64543a-f697-47a3-b59d-a4aed5ec7da3",
              "parentUUID": "83e2684a-ceea-4e28-863f-df117d50375e",
              "isHook": false,
              "skipped": false
            }
          ],
          "suites": [],
          "passes": [
            "7884589d-7873-4f7b-aef0-8a9f2667b0f9",
            "2cf9f65c-96bc-4bbe-9886-acc44f250d75",
            "15348f6e-e1c3-49b3-93e6-b7c5d486653f",
            "a6b20569-c978-46c5-8b02-c91c1dc5c7ac",
            "3251a8fc-3491-4060-a970-346519004ff7",
            "d3958ae0-ae61-45b4-b9a1-7067b4c78d51",
            "111b06dc-0d7d-49b8-bdfa-3602bbd132ba",
            "00c6088b-507d-4b46-a6f0-71071b144469",
            "2a3e4246-0fe5-4fa3-afc1-977ed83d566c",
            "3f529259-fa72-4a9d-9787-7fef2586810f",
            "5f49f177-64ef-4160-92bd-abac6353e58a",
            "97a670ac-882d-46fe-9925-a989616fad91",
            "36b69d20-5ae6-4a7e-8ddd-59a026183b92",
            "8075c5f9-d4ce-4563-bb8b-61b09428c64f",
            "ba093e4d-eb40-4ed4-9650-939b479cd0a1",
            "5677b205-f06e-4fa5-bd00-e2a154c2d89b",
            "bdf3503a-27f8-41f7-8574-5959eb712bb5",
            "0a974cd8-1e83-4534-8b74-1d5cef56a5bd",
            "a1ea8f90-3ea3-4799-a902-c00966216843",
            "280f6d02-ef73-4cea-a3a5-113daf9f1cfa",
            "2f5efaf5-c251-4431-93b3-ab791060f6e3",
            "0057d746-3676-4673-b398-e4d7a19bf481",
            "72ba6d2e-9fae-4c8d-a585-572fae58d37e",
            "6c8b372d-7855-44c4-a2c8-c006cf312e9d",
            "5e3e231e-bda1-475c-a390-b6983d9f0c38",
            "0dbbb73f-642e-47ef-b9f1-84f84d093f9d",
            "0d64543a-f697-47a3-b59d-a4aed5ec7da3"
          ],
          "failures": [],
          "pending": [],
          "skipped": [],
          "duration": 6911,
          "root": false,
          "rootEmpty": false,
          "_timeout": 2000
        }
      ],
      "passes": [],
      "failures": [],
      "pending": [],
      "skipped": [],
      "duration": 0,
      "root": true,
      "rootEmpty": true,
      "_timeout": 2000
    }
  ],
  "meta": {
    "mocha": {
      "version": "7.1.2"
    },
    "mochawesome": {
      "options": {
        "quiet": false,
        "reportFilename": "mochawesome",
        "saveHtml": false,
        "saveJson": true,
        "consoleReporter": "spec",
        "useInlineDiffs": false,
        "code": true
      },
      "version": "6.1.1"
    },
    "marge": {
      "options": {
        "id": "default",
        "reportDir": "cypress/reports/mocha",
        "quite": true,
        "overwrite": false,
        "html": false,
        "json": true
      },
      "version": "5.1.0"
    }
  }
}