{
  "stats": {
    "suites": 1,
    "tests": 14,
    "passes": 14,
    "pending": 0,
    "failures": 0,
    "start": "2020-04-25T12:44:38.290Z",
    "end": "2020-04-25T12:44:38.290Z",
    "duration": 3832,
    "testsRegistered": 14,
    "passPercent": 100,
    "pendingPercent": 0,
    "other": 0,
    "hasOther": false,
    "skipped": 0,
    "hasSkipped": false
  },
  "results": [
    {
      "uuid": "a656b9ec-4629-406f-8c6b-a39e3038a406",
      "title": "",
      "fullFile": "cypress/integration/cinema/dashboard.js",
      "file": "cypress/integration/cinema/dashboard.js",
      "beforeHooks": [],
      "afterHooks": [],
      "tests": [],
      "suites": [
        {
          "uuid": "22e9d9b7-63bb-4bb1-b0bd-d7423459a4bd",
          "title": "Landing on the Dashboard",
          "fullFile": "",
          "file": "",
          "beforeHooks": [],
          "afterHooks": [],
          "tests": [
            {
              "title": "goes to dashboard",
              "fullTitle": "Landing on the Dashboard goes to dashboard",
              "timedOut": null,
              "duration": 1881,
              "state": "passed",
              "speed": "slow",
              "pass": true,
              "fail": false,
              "pending": false,
              "context": null,
              "code": "landing.visitHomePage();",
              "err": {},
              "uuid": "0ece1a3b-cef9-4390-ae5c-d21c82e0669f",
              "parentUUID": "22e9d9b7-63bb-4bb1-b0bd-d7423459a4bd",
              "isHook": false,
              "skipped": false
            },
            {
              "title": "verifies user is on landing page",
              "fullTitle": "Landing on the Dashboard verifies user is on landing page",
              "timedOut": null,
              "duration": 106,
              "state": "passed",
              "speed": "slow",
              "pass": true,
              "fail": false,
              "pending": false,
              "context": null,
              "code": "landing.verifyHomePageNavigation();",
              "err": {},
              "uuid": "c5051c0c-1a1e-4cfc-b882-c8225643243a",
              "parentUUID": "22e9d9b7-63bb-4bb1-b0bd-d7423459a4bd",
              "isHook": false,
              "skipped": false
            },
            {
              "title": "verifies the title",
              "fullTitle": "Landing on the Dashboard verifies the title",
              "timedOut": null,
              "duration": 53,
              "state": "passed",
              "speed": "medium",
              "pass": true,
              "fail": false,
              "pending": false,
              "context": null,
              "code": "landing.verifyTitle();",
              "err": {},
              "uuid": "c522028e-aa87-4516-8138-140c9d49b778",
              "parentUUID": "22e9d9b7-63bb-4bb1-b0bd-d7423459a4bd",
              "isHook": false,
              "skipped": false
            },
            {
              "title": "verifies the word iCinema in title",
              "fullTitle": "Landing on the Dashboard verifies the word iCinema in title",
              "timedOut": null,
              "duration": 78,
              "state": "passed",
              "speed": "slow",
              "pass": true,
              "fail": false,
              "pending": false,
              "context": null,
              "code": "landing.verifyTitleWord();",
              "err": {},
              "uuid": "a163dfa3-899a-40ca-892d-563f6a9946ee",
              "parentUUID": "22e9d9b7-63bb-4bb1-b0bd-d7423459a4bd",
              "isHook": false,
              "skipped": false
            },
            {
              "title": "checks whether there are countries appearing",
              "fullTitle": "Landing on the Dashboard checks whether there are countries appearing",
              "timedOut": null,
              "duration": 112,
              "state": "passed",
              "speed": "slow",
              "pass": true,
              "fail": false,
              "pending": false,
              "context": null,
              "code": "landing.verifyCountriesExists();",
              "err": {},
              "uuid": "8f0c90fa-ae71-4757-8d83-0ef7ba8916cb",
              "parentUUID": "22e9d9b7-63bb-4bb1-b0bd-d7423459a4bd",
              "isHook": false,
              "skipped": false
            },
            {
              "title": "checks that navbar is not empty",
              "fullTitle": "Landing on the Dashboard checks that navbar is not empty",
              "timedOut": null,
              "duration": 61,
              "state": "passed",
              "speed": "medium",
              "pass": true,
              "fail": false,
              "pending": false,
              "context": null,
              "code": "landing.verifyNavBar();",
              "err": {},
              "uuid": "57043e3c-3993-48df-ad4d-a84d70588f05",
              "parentUUID": "22e9d9b7-63bb-4bb1-b0bd-d7423459a4bd",
              "isHook": false,
              "skipped": false
            },
            {
              "title": "clicks on first country",
              "fullTitle": "Landing on the Dashboard clicks on first country",
              "timedOut": null,
              "duration": 150,
              "state": "passed",
              "speed": "slow",
              "pass": true,
              "fail": false,
              "pending": false,
              "context": null,
              "code": "landing.clickOncountry();",
              "err": {},
              "uuid": "69b96b04-e072-480b-a6c4-36457c2672c4",
              "parentUUID": "22e9d9b7-63bb-4bb1-b0bd-d7423459a4bd",
              "isHook": false,
              "skipped": false
            },
            {
              "title": "checks if country is selected",
              "fullTitle": "Landing on the Dashboard checks if country is selected",
              "timedOut": null,
              "duration": 62,
              "state": "passed",
              "speed": "medium",
              "pass": true,
              "fail": false,
              "pending": false,
              "context": null,
              "code": "landing.checkElementSelected();",
              "err": {},
              "uuid": "ed56b3b6-f053-4e53-a923-8b329e9a5ad3",
              "parentUUID": "22e9d9b7-63bb-4bb1-b0bd-d7423459a4bd",
              "isHook": false,
              "skipped": false
            },
            {
              "title": "goes to next section",
              "fullTitle": "Landing on the Dashboard goes to next section",
              "timedOut": null,
              "duration": 190,
              "state": "passed",
              "speed": "slow",
              "pass": true,
              "fail": false,
              "pending": false,
              "context": null,
              "code": "landing.clickNextArrow();",
              "err": {},
              "uuid": "c0ed6936-8736-4f98-87ec-499321b24cf8",
              "parentUUID": "22e9d9b7-63bb-4bb1-b0bd-d7423459a4bd",
              "isHook": false,
              "skipped": false
            },
            {
              "title": "check URL contains text",
              "fullTitle": "Landing on the Dashboard check URL contains text",
              "timedOut": null,
              "duration": 19,
              "state": "passed",
              "speed": "fast",
              "pass": true,
              "fail": false,
              "pending": false,
              "context": null,
              "code": "landing.checkURL('movies');",
              "err": {},
              "uuid": "9890fb3f-09e9-41b2-bd73-8645ad246ce2",
              "parentUUID": "22e9d9b7-63bb-4bb1-b0bd-d7423459a4bd",
              "isHook": false,
              "skipped": false
            },
            {
              "title": "checks that there are movies in the list",
              "fullTitle": "Landing on the Dashboard checks that there are movies in the list",
              "timedOut": null,
              "duration": 78,
              "state": "passed",
              "speed": "slow",
              "pass": true,
              "fail": false,
              "pending": false,
              "context": null,
              "code": "moveselection.checkMovieListNotEmpty();",
              "err": {},
              "uuid": "45bd2d88-aa15-46d4-ae94-2026c99973b1",
              "parentUUID": "22e9d9b7-63bb-4bb1-b0bd-d7423459a4bd",
              "isHook": false,
              "skipped": false
            },
            {
              "title": "maybe prints all names",
              "fullTitle": "Landing on the Dashboard maybe prints all names",
              "timedOut": null,
              "duration": 842,
              "state": "passed",
              "speed": "slow",
              "pass": true,
              "fail": false,
              "pending": false,
              "context": null,
              "code": "moveselection.checkAllMovie();",
              "err": {},
              "uuid": "b24878ab-7025-46f6-9f59-5e2b7cb3c79f",
              "parentUUID": "22e9d9b7-63bb-4bb1-b0bd-d7423459a4bd",
              "isHook": false,
              "skipped": false
            },
            {
              "title": "clicks element by index",
              "fullTitle": "Landing on the Dashboard clicks element by index",
              "timedOut": null,
              "duration": 149,
              "state": "passed",
              "speed": "slow",
              "pass": true,
              "fail": false,
              "pending": false,
              "context": null,
              "code": "moveselection.checkParticularMovieByIndex(3);",
              "err": {},
              "uuid": "01876dae-236c-46d6-9610-c0ccc90c3dda",
              "parentUUID": "22e9d9b7-63bb-4bb1-b0bd-d7423459a4bd",
              "isHook": false,
              "skipped": false
            },
            {
              "title": "checks if the image is present for the movies",
              "fullTitle": "Landing on the Dashboard checks if the image is present for the movies",
              "timedOut": null,
              "duration": 51,
              "state": "passed",
              "speed": "medium",
              "pass": true,
              "fail": false,
              "pending": false,
              "context": null,
              "code": "moveselection.checkMovieImage();",
              "err": {},
              "uuid": "cc1fd58e-0dcb-4af5-99bf-bc614e7ee0ab",
              "parentUUID": "22e9d9b7-63bb-4bb1-b0bd-d7423459a4bd",
              "isHook": false,
              "skipped": false
            }
          ],
          "suites": [],
          "passes": [
            "0ece1a3b-cef9-4390-ae5c-d21c82e0669f",
            "c5051c0c-1a1e-4cfc-b882-c8225643243a",
            "c522028e-aa87-4516-8138-140c9d49b778",
            "a163dfa3-899a-40ca-892d-563f6a9946ee",
            "8f0c90fa-ae71-4757-8d83-0ef7ba8916cb",
            "57043e3c-3993-48df-ad4d-a84d70588f05",
            "69b96b04-e072-480b-a6c4-36457c2672c4",
            "ed56b3b6-f053-4e53-a923-8b329e9a5ad3",
            "c0ed6936-8736-4f98-87ec-499321b24cf8",
            "9890fb3f-09e9-41b2-bd73-8645ad246ce2",
            "45bd2d88-aa15-46d4-ae94-2026c99973b1",
            "b24878ab-7025-46f6-9f59-5e2b7cb3c79f",
            "01876dae-236c-46d6-9610-c0ccc90c3dda",
            "cc1fd58e-0dcb-4af5-99bf-bc614e7ee0ab"
          ],
          "failures": [],
          "pending": [],
          "skipped": [],
          "duration": 3832,
          "root": false,
          "rootEmpty": false,
          "_timeout": 2000
        }
      ],
      "passes": [],
      "failures": [],
      "pending": [],
      "skipped": [],
      "duration": 0,
      "root": true,
      "rootEmpty": true,
      "_timeout": 2000
    }
  ],
  "meta": {
    "mocha": {
      "version": "7.1.1"
    },
    "mochawesome": {
      "options": {
        "quiet": false,
        "reportFilename": "mochawesome",
        "saveHtml": false,
        "saveJson": true,
        "consoleReporter": "spec",
        "useInlineDiffs": false,
        "code": true
      },
      "version": "6.1.0"
    },
    "marge": {
      "options": {
        "id": "default",
        "reportDir": "cypress/reports/mocha",
        "quite": true,
        "overwrite": false,
        "html": false,
        "json": true
      },
      "version": "5.1.0"
    }
  }
}